0 info it worked if it ends with ok
1 verbose cli [ '/Users/suzuken/.nodebrew/node/v4.4.3/bin/node',
1 verbose cli   '/Users/suzuken/.nodebrew/current/bin/npm',
1 verbose cli   'run',
1 verbose cli   'dev' ]
2 info using npm@2.15.1
3 info using node@v4.4.3
4 verbose run-script [ 'predev', 'dev', 'postdev' ]
5 info predev rails_with_webpack@1.0.0
6 info dev rails_with_webpack@1.0.0
7 verbose unsafe-perm in lifecycle true
8 info rails_with_webpack@1.0.0 Failed to exec dev script
9 verbose stack Error: rails_with_webpack@1.0.0 dev: `webpack-dev-server --hot --inline --port 3500 --progress --profile --colors`
9 verbose stack Exit status 1
9 verbose stack     at EventEmitter.<anonymous> (/Users/suzuken/.nodebrew/node/v4.4.3/lib/node_modules/npm/lib/utils/lifecycle.js:217:16)
9 verbose stack     at emitTwo (events.js:87:13)
9 verbose stack     at EventEmitter.emit (events.js:172:7)
9 verbose stack     at ChildProcess.<anonymous> (/Users/suzuken/.nodebrew/node/v4.4.3/lib/node_modules/npm/lib/utils/spawn.js:24:14)
9 verbose stack     at emitTwo (events.js:87:13)
9 verbose stack     at ChildProcess.emit (events.js:172:7)
9 verbose stack     at maybeClose (internal/child_process.js:827:16)
9 verbose stack     at Process.ChildProcess._handle.onexit (internal/child_process.js:211:5)
10 verbose pkgid rails_with_webpack@1.0.0
11 verbose cwd /Users/suzuken/Documents/suzan2go/rails_with_webpack
12 error Darwin 15.4.0
13 error argv "/Users/suzuken/.nodebrew/node/v4.4.3/bin/node" "/Users/suzuken/.nodebrew/current/bin/npm" "run" "dev"
14 error node v4.4.3
15 error npm  v2.15.1
16 error code ELIFECYCLE
17 error rails_with_webpack@1.0.0 dev: `webpack-dev-server --hot --inline --port 3500 --progress --profile --colors`
17 error Exit status 1
18 error Failed at the rails_with_webpack@1.0.0 dev script 'webpack-dev-server --hot --inline --port 3500 --progress --profile --colors'.
18 error This is most likely a problem with the rails_with_webpack package,
18 error not with npm itself.
18 error Tell the author that this fails on your system:
18 error     webpack-dev-server --hot --inline --port 3500 --progress --profile --colors
18 error You can get information on how to open an issue for this project with:
18 error     npm bugs rails_with_webpack
18 error Or if that isn't available, you can get their info via:
18 error
18 error     npm owner ls rails_with_webpack
18 error There is likely additional logging output above.
19 verbose exit [ 1, true ]
